#
# There is insufficient memory for the Java Runtime Environment to continue.
# Native memory allocation (malloc) failed to allocate 1514928 bytes for Chunk::new
# Possible reasons:
#   The system is out of physical RAM or swap space
#   In 32 bit mode, the process size limit was hit
# Possible solutions:
#   Reduce memory load on the system
#   Increase physical memory or swap space
#   Check if swap backing store is full
#   Use 64 bit Java on a 64 bit OS
#   Decrease Java heap size (-Xmx/-Xms)
#   Decrease number of Java threads
#   Decrease Java thread stack sizes (-Xss)
#   Set larger code cache with -XX:ReservedCodeCacheSize=
# This output file may be truncated or incomplete.
#
#  Out of Memory Error (allocation.cpp:390), pid=2216, tid=0x0000000000002de4
#
# JRE version: Java(TM) SE Runtime Environment (8.0_161-b12) (build 1.8.0_161-b12)
# Java VM: Java HotSpot(TM) 64-Bit Server VM (25.161-b12 mixed mode windows-amd64 compressed oops)
# Failed to write core dump. Minidumps are not enabled by default on client versions of Windows
#

---------------  T H R E A D  ---------------

Current thread (0x000000001a4e8000):  JavaThread "C2 CompilerThread0" daemon [_thread_in_native, id=11748, stack(0x000000001ada0000,0x000000001aea0000)]

Stack: [0x000000001ada0000,0x000000001aea0000]
[error occurred during error reporting (printing stack bounds), id 0xc0000005]

Native frames: (J=compiled Java code, j=interpreted, Vv=VM code, C=native code)


Current CompileTask:
C2:  16864 3740       4       org.springframework.core.annotation.TypeMappedAnnotations::get (8 bytes)


---------------  P R O C E S S  ---------------

Java Threads: ( => current thread )
  0x000000001b80a800 JavaThread "container-0" [_thread_blocked, id=16620, stack(0x000000001f490000,0x000000001f590000)]
  0x000000001a5f6800 JavaThread "Catalina-utility-2" [_thread_blocked, id=3696, stack(0x000000001d1f0000,0x000000001d2f0000)]
  0x000000001e9d7800 JavaThread "Catalina-utility-1" [_thread_blocked, id=4152, stack(0x000000001caf0000,0x000000001cbf0000)]
  0x000000001ab58000 JavaThread "restartedMain" [_thread_in_vm, id=18188, stack(0x000000001c5f0000,0x000000001c6f0000)]
  0x000000001ab56800 JavaThread "Thread-0" [_thread_blocked, id=13692, stack(0x000000001c4f0000,0x000000001c5f0000)]
  0x000000001a4e4000 JavaThread "Service Thread" daemon [_thread_blocked, id=17904, stack(0x000000001b1a0000,0x000000001b2a0000)]
  0x000000001a53e800 JavaThread "C1 CompilerThread3" daemon [_thread_blocked, id=17472, stack(0x000000001b0a0000,0x000000001b1a0000)]
  0x000000001a527800 JavaThread "C2 CompilerThread2" daemon [_thread_in_native, id=15224, stack(0x000000001afa0000,0x000000001b0a0000)]
  0x000000001a514800 JavaThread "C2 CompilerThread1" daemon [_thread_in_native, id=15324, stack(0x000000001aea0000,0x000000001afa0000)]
=>0x000000001a4e8000 JavaThread "C2 CompilerThread0" daemon [_thread_in_native, id=11748, stack(0x000000001ada0000,0x000000001aea0000)]
  0x000000001a4e5800 JavaThread "Monitor Ctrl-Break" daemon [_thread_in_native, id=2268, stack(0x000000001aca0000,0x000000001ada0000)]
  0x0000000019de1000 JavaThread "Attach Listener" daemon [_thread_blocked, id=9480, stack(0x000000001a3a0000,0x000000001a4a0000)]
  0x0000000019e40800 JavaThread "Signal Dispatcher" daemon [_thread_blocked, id=6080, stack(0x000000001a2a0000,0x000000001a3a0000)]
  0x0000000002f4e800 JavaThread "Finalizer" daemon [_thread_blocked, id=14076, stack(0x000000001a1a0000,0x000000001a2a0000)]
  0x0000000002f4d000 JavaThread "Reference Handler" daemon [_thread_blocked, id=11636, stack(0x0000000019ca0000,0x0000000019da0000)]
  0x0000000002e57000 JavaThread "main" [_thread_blocked, id=14220, stack(0x0000000002c20000,0x0000000002d20000)]

Other Threads:
  0x0000000017eb9800 VMThread [stack: 0x0000000019ba0000,0x0000000019ca0000] [id=8832]
  0x000000001a61f800 WatcherThread [stack: 0x000000001b370000,0x000000001b470000] [id=13328]

VM state:not at safepoint (normal execution)

VM Mutex/Monitor currently owned by a thread: None

Heap:
 PSYoungGen      total 125440K, used 65512K [0x00000000d5f80000, 0x00000000e1f00000, 0x0000000100000000)
  eden space 114688K, 57% used [0x00000000d5f80000,0x00000000d9f7a358,0x00000000dcf80000)
  from space 10752K, 0% used [0x00000000dcf80000,0x00000000dcf80000,0x00000000dda00000)
  to   space 12288K, 0% used [0x00000000e1300000,0x00000000e1300000,0x00000000e1f00000)
 ParOldGen       total 71168K, used 16864K [0x0000000081e00000, 0x0000000086380000, 0x00000000d5f80000)
  object space 71168K, 23% used [0x0000000081e00000,0x0000000082e780a8,0x0000000086380000)
 Metaspace       used 38262K, capacity 40770K, committed 41000K, reserved 1085440K
  class space    used 5189K, capacity 5651K, committed 5672K, reserved 1048576K

Card table byte_map: [0x0000000012310000,0x0000000012710000] byte_map_base: 0x0000000011f01000

Marking Bits: (ParMarkBitMap*) 0x0000000075dff860
 Begin Bits: [0x00000000131c0000, 0x0000000015148000)
 End Bits:   [0x0000000015148000, 0x00000000170d0000)

Polling page: 0x00000000009a0000

CodeCache: size=245760Kb used=12636Kb max_used=13329Kb free=233123Kb
 bounds [0x0000000002f50000, 0x0000000003c60000, 0x0000000011f50000]
 total_blobs=3886 nmethods=3467 adapters=330
 compilation: enabled

Compilation events (10 events):
Event: 16.815 Thread 0x000000001a53e800 nmethod 3979 0x0000000003c5aa10 code [0x0000000003c5ab60, 0x0000000003c5ac70]
Event: 16.815 Thread 0x000000001a53e800 3980       1       org.hibernate.validator.internal.metadata.aggregated.ExecutableMetaData::getSignatures (5 bytes)
Event: 16.815 Thread 0x000000001a53e800 nmethod 3980 0x00000000030eb050 code [0x00000000030eb1a0, 0x00000000030eb2b0]
Event: 16.817 Thread 0x000000001a53e800 3977       1       org.hibernate.validator.internal.metadata.raw.ConstrainedParameter::getType (5 bytes)
Event: 16.817 Thread 0x000000001a53e800 nmethod 3977 0x0000000003568b50 code [0x0000000003568ca0, 0x0000000003568db0]
Event: 16.818 Thread 0x000000001a53e800 3978       1       org.hibernate.validator.internal.metadata.raw.ConstrainedParameter::getIndex (5 bytes)
Event: 16.818 Thread 0x000000001a53e800 nmethod 3978 0x00000000037e5ed0 code [0x00000000037e6020, 0x00000000037e6130]
Event: 16.838 Thread 0x000000001a527800 nmethod 3787 0x00000000036f7310 code [0x00000000036f75a0, 0x00000000036f8b00]
Event: 16.839 Thread 0x000000001a527800 3968       4       java.util.ArrayList::toArray (60 bytes)
Event: 16.846 Thread 0x000000001a527800 nmethod 3968 0x0000000003777950 code [0x0000000003777aa0, 0x0000000003777f98]

GC Heap History (10 events):
Event: 9.194 GC heap before
{Heap before GC invocations=7 (full 1):
 PSYoungGen      total 38400K, used 33280K [0x00000000d5f80000, 0x00000000db280000, 0x0000000100000000)
  eden space 33280K, 100% used [0x00000000d5f80000,0x00000000d8000000,0x00000000d8000000)
  from space 5120K, 0% used [0x00000000d8000000,0x00000000d8000000,0x00000000d8500000)
  to   space 9216K, 0% used [0x00000000da980000,0x00000000da980000,0x00000000db280000)
 ParOldGen       total 50688K, used 7697K [0x0000000081e00000, 0x0000000084f80000, 0x00000000d5f80000)
  object space 50688K, 15% used [0x0000000081e00000,0x0000000082584498,0x0000000084f80000)
 Metaspace       used 23156K, capacity 24184K, committed 24576K, reserved 1071104K
  class space    used 2984K, capacity 3238K, committed 3328K, reserved 1048576K
Event: 9.204 GC heap after
Heap after GC invocations=7 (full 1):
 PSYoungGen      total 69632K, used 4689K [0x00000000d5f80000, 0x00000000db000000, 0x0000000100000000)
  eden space 62976K, 0% used [0x00000000d5f80000,0x00000000d5f80000,0x00000000d9d00000)
  from space 6656K, 70% used [0x00000000da980000,0x00000000dae144a0,0x00000000db000000)
  to   space 9728K, 0% used [0x00000000d9d00000,0x00000000d9d00000,0x00000000da680000)
 ParOldGen       total 50688K, used 7705K [0x0000000081e00000, 0x0000000084f80000, 0x00000000d5f80000)
  object space 50688K, 15% used [0x0000000081e00000,0x0000000082586498,0x0000000084f80000)
 Metaspace       used 23156K, capacity 24184K, committed 24576K, reserved 1071104K
  class space    used 2984K, capacity 3238K, committed 3328K, reserved 1048576K
}
Event: 10.101 GC heap before
{Heap before GC invocations=8 (full 1):
 PSYoungGen      total 69632K, used 67665K [0x00000000d5f80000, 0x00000000db000000, 0x0000000100000000)
  eden space 62976K, 100% used [0x00000000d5f80000,0x00000000d9d00000,0x00000000d9d00000)
  from space 6656K, 70% used [0x00000000da980000,0x00000000dae144a0,0x00000000db000000)
  to   space 9728K, 0% used [0x00000000d9d00000,0x00000000d9d00000,0x00000000da680000)
 ParOldGen       total 50688K, used 7705K [0x0000000081e00000, 0x0000000084f80000, 0x00000000d5f80000)
  object space 50688K, 15% used [0x0000000081e00000,0x0000000082586498,0x0000000084f80000)
 Metaspace       used 25842K, capacity 27106K, committed 27264K, reserved 1073152K
  class space    used 3359K, capacity 3643K, committed 3712K, reserved 1048576K
Event: 10.107 GC heap after
Heap after GC invocations=8 (full 1):
 PSYoungGen      total 72704K, used 7134K [0x00000000d5f80000, 0x00000000de480000, 0x0000000100000000)
  eden space 62976K, 0% used [0x00000000d5f80000,0x00000000d5f80000,0x00000000d9d00000)
  from space 9728K, 73% used [0x00000000d9d00000,0x00000000da3f7a68,0x00000000da680000)
  to   space 9728K, 0% used [0x00000000ddb00000,0x00000000ddb00000,0x00000000de480000)
 ParOldGen       total 50688K, used 7713K [0x0000000081e00000, 0x0000000084f80000, 0x00000000d5f80000)
  object space 50688K, 15% used [0x0000000081e00000,0x0000000082588498,0x0000000084f80000)
 Metaspace       used 25842K, capacity 27106K, committed 27264K, reserved 1073152K
  class space    used 3359K, capacity 3643K, committed 3712K, reserved 1048576K
}
Event: 14.150 GC heap before
{Heap before GC invocations=9 (full 1):
 PSYoungGen      total 72704K, used 70110K [0x00000000d5f80000, 0x00000000de480000, 0x0000000100000000)
  eden space 62976K, 100% used [0x00000000d5f80000,0x00000000d9d00000,0x00000000d9d00000)
  from space 9728K, 73% used [0x00000000d9d00000,0x00000000da3f7a68,0x00000000da680000)
  to   space 9728K, 0% used [0x00000000ddb00000,0x00000000ddb00000,0x00000000de480000)
 ParOldGen       total 50688K, used 7713K [0x0000000081e00000, 0x0000000084f80000, 0x00000000d5f80000)
  object space 50688K, 15% used [0x0000000081e00000,0x0000000082588498,0x0000000084f80000)
 Metaspace       used 30663K, capacity 32470K, committed 32640K, reserved 1077248K
  class space    used 4049K, capacity 4379K, committed 4480K, reserved 1048576K
Event: 14.163 GC heap after
Heap after GC invocations=9 (full 1):
 PSYoungGen      total 124416K, used 9726K [0x00000000d5f80000, 0x00000000de480000, 0x0000000100000000)
  eden space 114688K, 0% used [0x00000000d5f80000,0x00000000d5f80000,0x00000000dcf80000)
  from space 9728K, 99% used [0x00000000ddb00000,0x00000000de47fac8,0x00000000de480000)
  to   space 10752K, 0% used [0x00000000dcf80000,0x00000000dcf80000,0x00000000dda00000)
 ParOldGen       total 50688K, used 8149K [0x0000000081e00000, 0x0000000084f80000, 0x00000000d5f80000)
  object space 50688K, 16% used [0x0000000081e00000,0x00000000825f54f8,0x0000000084f80000)
 Metaspace       used 30663K, capacity 32470K, committed 32640K, reserved 1077248K
  class space    used 4049K, capacity 4379K, committed 4480K, reserved 1048576K
}
Event: 15.095 GC heap before
{Heap before GC invocations=10 (full 1):
 PSYoungGen      total 124416K, used 92557K [0x00000000d5f80000, 0x00000000de480000, 0x0000000100000000)
  eden space 114688K, 72% used [0x00000000d5f80000,0x00000000db0639a8,0x00000000dcf80000)
  from space 9728K, 99% used [0x00000000ddb00000,0x00000000de47fac8,0x00000000de480000)
  to   space 10752K, 0% used [0x00000000dcf80000,0x00000000dcf80000,0x00000000dda00000)
 ParOldGen       total 50688K, used 8149K [0x0000000081e00000, 0x0000000084f80000, 0x00000000d5f80000)
  object space 50688K, 16% used [0x0000000081e00000,0x00000000825f54f8,0x0000000084f80000)
 Metaspace       used 33489K, capacity 35460K, committed 35496K, reserved 1079296K
  class space    used 4391K, capacity 4748K, committed 4776K, reserved 1048576K
Event: 15.110 GC heap after
Heap after GC invocations=10 (full 1):
 PSYoungGen      total 125440K, used 10733K [0x00000000d5f80000, 0x00000000e1f00000, 0x0000000100000000)
  eden space 114688K, 0% used [0x00000000d5f80000,0x00000000d5f80000,0x00000000dcf80000)
  from space 10752K, 99% used [0x00000000dcf80000,0x00000000dd9fb4f8,0x00000000dda00000)
  to   space 12288K, 0% used [0x00000000e1300000,0x00000000e1300000,0x00000000e1f00000)
 ParOldGen       total 50688K, used 10040K [0x0000000081e00000, 0x0000000084f80000, 0x00000000d5f80000)
  object space 50688K, 19% used [0x0000000081e00000,0x00000000827ce3d0,0x0000000084f80000)
 Metaspace       used 33489K, capacity 35460K, committed 35496K, reserved 1079296K
  class space    used 4391K, capacity 4748K, committed 4776K, reserved 1048576K
}
Event: 15.110 GC heap before
{Heap before GC invocations=11 (full 2):
 PSYoungGen      total 125440K, used 10733K [0x00000000d5f80000, 0x00000000e1f00000, 0x0000000100000000)
  eden space 114688K, 0% used [0x00000000d5f80000,0x00000000d5f80000,0x00000000dcf80000)
  from space 10752K, 99% used [0x00000000dcf80000,0x00000000dd9fb4f8,0x00000000dda00000)
  to   space 12288K, 0% used [0x00000000e1300000,0x00000000e1300000,0x00000000e1f00000)
 ParOldGen       total 50688K, used 10040K [0x0000000081e00000, 0x0000000084f80000, 0x00000000d5f80000)
  object space 50688K, 19% used [0x0000000081e00000,0x00000000827ce3d0,0x0000000084f80000)
 Metaspace       used 33489K, capacity 35460K, committed 35496K, reserved 1079296K
  class space    used 4391K, capacity 4748K, committed 4776K, reserved 1048576K
Event: 15.167 GC heap after
Heap after GC invocations=11 (full 2):
 PSYoungGen      total 125440K, used 0K [0x00000000d5f80000, 0x00000000e1f00000, 0x0000000100000000)
  eden space 114688K, 0% used [0x00000000d5f80000,0x00000000d5f80000,0x00000000dcf80000)
  from space 10752K, 0% used [0x00000000dcf80000,0x00000000dcf80000,0x00000000dda00000)
  to   space 12288K, 0% used [0x00000000e1300000,0x00000000e1300000,0x00000000e1f00000)
 ParOldGen       total 71168K, used 16864K [0x0000000081e00000, 0x0000000086380000, 0x00000000d5f80000)
  object space 71168K, 23% used [0x0000000081e00000,0x0000000082e780a8,0x0000000086380000)
 Metaspace       used 33489K, capacity 35460K, committed 35496K, reserved 1079296K
  class space    used 4391K, capacity 4748K, committed 4776K, reserved 1048576K
}

Deoptimization events (10 events):
Event: 15.659 Thread 0x000000001ab58000 Uncommon trap: reason=bimorphic action=maybe_recompile pc=0x0000000003817bd0 method=org.springframework.core.annotation.TypeMappedAnnotation.getValue(IZZ)Ljava/lang/Object; @ 121
Event: 16.043 Thread 0x000000001ab58000 Uncommon trap: reason=unstable_if action=reinterpret pc=0x000000000398f1b0 method=java.lang.Class$MethodArray.matchesNameAndDescriptor(Ljava/lang/reflect/Method;Ljava/lang/reflect/Method;)Z @ 33
Event: 16.068 Thread 0x000000001ab58000 Uncommon trap: reason=unstable_if action=reinterpret pc=0x00000000039f4a78 method=java.util.HashMap.putMapEntries(Ljava/util/Map;Z)V @ 53
Event: 16.139 Thread 0x000000001ab58000 Uncommon trap: reason=unstable_if action=reinterpret pc=0x0000000003697074 method=org.springframework.beans.factory.support.AbstractBeanFactory.isTypeMatch(Ljava/lang/String;Lorg/springframework/core/ResolvableType;Z)Z @ 72
Event: 16.139 Thread 0x000000001ab58000 Uncommon trap: reason=unstable_if action=reinterpret pc=0x0000000003b4cbd0 method=org.springframework.beans.factory.support.DefaultListableBeanFactory.doGetBeanNamesForType(Lorg/springframework/core/ResolvableType;ZZ)[Ljava/lang/String; @ 242
Event: 16.361 Thread 0x000000001ab58000 Uncommon trap: reason=unstable_if action=reinterpret pc=0x0000000003b57ab4 method=org.springframework.core.annotation.AnnotationsScanner.isWithoutHierarchy(Ljava/lang/reflect/AnnotatedElement;Lorg/springframework/core/annotation/MergedAnnotations$SearchSt
Event: 16.656 Thread 0x000000001ab58000 Uncommon trap: reason=unstable_if action=reinterpret pc=0x00000000036855d4 method=java.util.HashMap.putVal(ILjava/lang/Object;Ljava/lang/Object;ZZ)Ljava/lang/Object; @ 162
Event: 16.657 Thread 0x000000001ab58000 Uncommon trap: reason=unstable_if action=reinterpret pc=0x00000000036b8980 method=java.util.HashMap.putVal(ILjava/lang/Object;Ljava/lang/Object;ZZ)Ljava/lang/Object; @ 162
Event: 16.657 Thread 0x000000001ab58000 Uncommon trap: reason=unstable_if action=reinterpret pc=0x0000000003822dec method=java.util.HashMap.putVal(ILjava/lang/Object;Ljava/lang/Object;ZZ)Ljava/lang/Object; @ 162
Event: 16.845 Thread 0x000000001ab58000 Uncommon trap: reason=unstable_if action=reinterpret pc=0x0000000003875590 method=org.springframework.beans.factory.support.AbstractAutowireCapableBeanFactory.determineTargetType(Ljava/lang/String;Lorg/springframework/beans/factory/support/RootBeanDefinit

Classes redefined (0 events):
No events

Internal exceptions (10 events):
Event: 15.568 Thread 0x000000001ab58000 Exception <a 'java/lang/ClassNotFoundException': org/springframework/boot/autoconfigure/web/servlet/WebMvcAutoConfiguration$EnableWebMvcConfigurationCustomizer> (0x00000000d70b15f0) thrown at [C:\re\workspace\8-2-build-windows-amd64-cygwin\jdk8u161\10277\
Event: 15.570 Thread 0x000000001ab58000 Exception <a 'java/lang/ClassNotFoundException': org/springframework/context/ResourceLoaderAwareCustomizer> (0x00000000d70dd228) thrown at [C:\re\workspace\8-2-build-windows-amd64-cygwin\jdk8u161\10277\hotspot\src\share\vm\classfile\systemDictionary.cpp, 
Event: 15.571 Thread 0x000000001ab58000 Exception <a 'java/lang/ClassNotFoundException': org/springframework/beans/factory/AwareCustomizer> (0x00000000d70f2f10) thrown at [C:\re\workspace\8-2-build-windows-amd64-cygwin\jdk8u161\10277\hotspot\src\share\vm\classfile\systemDictionary.cpp, line 210
Event: 15.572 Thread 0x000000001ab58000 Exception <a 'java/lang/ClassNotFoundException': org/springframework/context/ApplicationContextAwareCustomizer> (0x00000000d710b398) thrown at [C:\re\workspace\8-2-build-windows-amd64-cygwin\jdk8u161\10277\hotspot\src\share\vm\classfile\systemDictionary.c
Event: 15.573 Thread 0x000000001ab58000 Exception <a 'java/lang/ClassNotFoundException': org/springframework/beans/factory/AwareCustomizer> (0x00000000d7121688) thrown at [C:\re\workspace\8-2-build-windows-amd64-cygwin\jdk8u161\10277\hotspot\src\share\vm\classfile\systemDictionary.cpp, line 210
Event: 15.573 Thread 0x000000001ab58000 Exception <a 'java/lang/ClassNotFoundException': org/springframework/web/context/ServletContextAwareCustomizer> (0x00000000d7139ad0) thrown at [C:\re\workspace\8-2-build-windows-amd64-cygwin\jdk8u161\10277\hotspot\src\share\vm\classfile\systemDictionary.c
Event: 15.574 Thread 0x000000001ab58000 Exception <a 'java/lang/ClassNotFoundException': org/springframework/beans/factory/AwareCustomizer> (0x00000000d714f830) thrown at [C:\re\workspace\8-2-build-windows-amd64-cygwin\jdk8u161\10277\hotspot\src\share\vm\classfile\systemDictionary.cpp, line 210
Event: 15.575 Thread 0x000000001ab58000 Implicit null exception at 0x0000000003965ecc to 0x0000000003966041
Event: 16.329 Thread 0x000000001ab58000 Exception <a 'java/lang/NoSuchMethodError': java.lang.Object.lambda$thenComparing$36697e65$1(Ljava/util/Comparator;Ljava/lang/Object;Ljava/lang/Object;)I> (0x00000000d8d17298) thrown at [C:\re\workspace\8-2-build-windows-amd64-cygwin\jdk8u161\10277\hotspo
Event: 16.423 Thread 0x000000001ab58000 Exception <a 'java/lang/IncompatibleClassChangeError': Found class java.lang.Object, but interface was expected> (0x00000000d8f53b18) thrown at [C:\re\workspace\8-2-build-windows-amd64-cygwin\jdk8u161\10277\hotspot\src\share\vm\interpreter\linkResolver.cp

Events (10 events):
Event: 16.842 loading class org/hibernate/validator/internal/engine/valuecontext/ValueContext$ValueState done
Event: 16.843 loading class sun/reflect/UnsafeIntegerFieldAccessorImpl
Event: 16.843 loading class sun/reflect/UnsafeIntegerFieldAccessorImpl done
Event: 16.843 loading class org/hibernate/validator/internal/engine/constraintvalidation/ConstraintValidatorManagerImpl$CacheKey
Event: 16.843 loading class org/hibernate/validator/internal/engine/constraintvalidation/ConstraintValidatorManagerImpl$CacheKey done
Event: 16.845 Thread 0x000000001ab58000 Uncommon trap: trap_request=0xffffff65 fr.pc=0x0000000003875590
Event: 16.845 Thread 0x000000001ab58000 DEOPT PACKING pc=0x0000000003875590 sp=0x000000001c6ea6e0
Event: 16.845 Thread 0x000000001ab58000 DEOPT UNPACKING pc=0x0000000002f9583b sp=0x000000001c6ea6a0 mode 2
Event: 16.845 loading class org/hibernate/validator/internal/engine/constraintvalidation/ConstraintValidatorContextImpl
Event: 16.845 loading class org/hibernate/validator/internal/engine/constraintvalidation/ConstraintValidatorContextImpl done


Dynamic libraries:
0x00007ff7c3c50000 - 0x00007ff7c3c87000 	D:\Java\jdk-8u_161\bin\java.exe
0x00007ffbce340000 - 0x00007ffbce530000 	C:\WINDOWS\SYSTEM32\ntdll.dll
0x00007ffbcc490000 - 0x00007ffbcc542000 	C:\WINDOWS\System32\KERNEL32.DLL
0x00007ffbcbfb0000 - 0x00007ffbcc255000 	C:\WINDOWS\System32\KERNELBASE.dll
0x00007ffbccab0000 - 0x00007ffbccb53000 	C:\WINDOWS\System32\ADVAPI32.dll
0x00007ffbcca10000 - 0x00007ffbccaae000 	C:\WINDOWS\System32\msvcrt.dll
0x00007ffbcc3f0000 - 0x00007ffbcc487000 	C:\WINDOWS\System32\sechost.dll
0x00007ffbcd8d0000 - 0x00007ffbcd9ef000 	C:\WINDOWS\System32\RPCRT4.dll
0x00007ffbcd400000 - 0x00007ffbcd594000 	C:\WINDOWS\System32\USER32.dll
0x00007ffbcb500000 - 0x00007ffbcb521000 	C:\WINDOWS\System32\win32u.dll
0x00007ffbcc780000 - 0x00007ffbcc7a6000 	C:\WINDOWS\System32\GDI32.dll
0x00007ffbcb360000 - 0x00007ffbcb4f8000 	C:\WINDOWS\System32\gdi32full.dll
0x00007ffbcb690000 - 0x00007ffbcb72e000 	C:\WINDOWS\System32\msvcp_win.dll
0x00007ffbcbeb0000 - 0x00007ffbcbfaa000 	C:\WINDOWS\System32\ucrtbase.dll
0x00007ffbb9420000 - 0x00007ffbb96a4000 	C:\WINDOWS\WinSxS\amd64_microsoft.windows.common-controls_6595b64144ccf1df_6.0.18362.1500_none_9e79be6de462295c\COMCTL32.dll
0x00007ffbcd040000 - 0x00007ffbcd376000 	C:\WINDOWS\System32\combase.dll
0x00007ffbcc280000 - 0x00007ffbcc301000 	C:\WINDOWS\System32\bcryptPrimitives.dll
0x00007ffbcc960000 - 0x00007ffbcc98e000 	C:\WINDOWS\System32\IMM32.DLL
0x0000000075e80000 - 0x0000000075f52000 	D:\Java\jdk-8u_161\jre\bin\msvcr100.dll
0x00000000755e0000 - 0x0000000075e7f000 	D:\Java\jdk-8u_161\jre\bin\server\jvm.dll
0x00007ffbcd3f0000 - 0x00007ffbcd3f8000 	C:\WINDOWS\System32\PSAPI.DLL
0x00007ffbbcad0000 - 0x00007ffbbcad9000 	C:\WINDOWS\SYSTEM32\WSOCK32.dll
0x00007ffbcd380000 - 0x00007ffbcd3ef000 	C:\WINDOWS\System32\WS2_32.dll
0x00007ffbc8b30000 - 0x00007ffbc8b54000 	C:\WINDOWS\SYSTEM32\WINMM.dll
0x00007ffbcadc0000 - 0x00007ffbcadca000 	C:\WINDOWS\SYSTEM32\VERSION.dll
0x00007ffbc8b00000 - 0x00007ffbc8b2d000 	C:\WINDOWS\SYSTEM32\winmmbase.dll
0x00007ffbcb310000 - 0x00007ffbcb35a000 	C:\WINDOWS\System32\cfgmgr32.dll
0x00000000755d0000 - 0x00000000755df000 	D:\Java\jdk-8u_161\jre\bin\verify.dll
0x00000000755a0000 - 0x00000000755c9000 	D:\Java\jdk-8u_161\jre\bin\java.dll
0x0000000075550000 - 0x0000000075573000 	D:\Java\jdk-8u_161\jre\bin\instrument.dll
0x0000000075580000 - 0x0000000075596000 	D:\Java\jdk-8u_161\jre\bin\zip.dll
0x00007ffbcd9f0000 - 0x00007ffbce0d8000 	C:\WINDOWS\System32\SHELL32.dll
0x00007ffbcd750000 - 0x00007ffbcd7f7000 	C:\WINDOWS\System32\shcore.dll
0x00007ffbcb730000 - 0x00007ffbcbeab000 	C:\WINDOWS\System32\windows.storage.dll
0x00007ffbcb240000 - 0x00007ffbcb25e000 	C:\WINDOWS\System32\profapi.dll
0x00007ffbcb260000 - 0x00007ffbcb2aa000 	C:\WINDOWS\System32\powrprof.dll
0x00007ffbcb1f0000 - 0x00007ffbcb200000 	C:\WINDOWS\System32\UMPDC.dll
0x00007ffbce210000 - 0x00007ffbce262000 	C:\WINDOWS\System32\shlwapi.dll
0x00007ffbcb220000 - 0x00007ffbcb231000 	C:\WINDOWS\System32\kernel.appcore.dll
0x00007ffbcc260000 - 0x00007ffbcc277000 	C:\WINDOWS\System32\cryptsp.dll
0x00007ffbc4620000 - 0x00007ffbc463a000 	E:\Program Files (x86)\JetBrains\IntelliJ IDEA Community Edition 2018.1.2\bin\breakgen64.dll
0x0000000075440000 - 0x000000007545a000 	D:\Java\jdk-8u_161\jre\bin\net.dll
0x00007ffbb7f70000 - 0x00007ffbb7f90000 	C:\WINDOWS\system32\PrxerDrv.dll
0x00007ffbca9b0000 - 0x00007ffbcaa17000 	C:\WINDOWS\system32\mswsock.dll
0x00007ffbca6c0000 - 0x00007ffbca6fa000 	C:\WINDOWS\SYSTEM32\IPHLPAPI.DLL
0x00007ffbce2d0000 - 0x00007ffbce2d8000 	C:\WINDOWS\System32\NSI.dll
0x00007ffbbe7a0000 - 0x00007ffbbe7b6000 	C:\WINDOWS\SYSTEM32\dhcpcsvc6.DLL
0x00007ffbbe780000 - 0x00007ffbbe79c000 	C:\WINDOWS\SYSTEM32\dhcpcsvc.DLL
0x00007ffbca700000 - 0x00007ffbca7cb000 	C:\WINDOWS\SYSTEM32\DNSAPI.dll
0x00007ffbb6000000 - 0x00007ffbb601b000 	C:\WINDOWS\system32\PrxerNsp.dll
0x00007ffbc2550000 - 0x00007ffbc255a000 	C:\Windows\System32\rasadhlp.dll
0x00007ffbbe1e0000 - 0x00007ffbbe257000 	C:\WINDOWS\System32\fwpuclnt.dll
0x00007ffbcc3c0000 - 0x00007ffbcc3e6000 	C:\WINDOWS\System32\bcrypt.dll
0x0000000075540000 - 0x000000007554d000 	D:\Java\jdk-8u_161\jre\bin\management.dll
0x00007ffbb28c0000 - 0x00007ffbb28d6000 	C:\WINDOWS\system32\napinsp.dll
0x00007ffbb3700000 - 0x00007ffbb371a000 	C:\WINDOWS\system32\pnrpnsp.dll
0x00007ffbb36f0000 - 0x00007ffbb36fe000 	C:\WINDOWS\System32\winrnr.dll
0x00007ffbc7710000 - 0x00007ffbc772c000 	C:\WINDOWS\system32\NLAapi.dll
0x00007ffbc6220000 - 0x00007ffbc6235000 	C:\WINDOWS\system32\wshbth.dll
0x0000000075420000 - 0x0000000075431000 	D:\Java\jdk-8u_161\jre\bin\nio.dll
0x00007ffbca530000 - 0x00007ffbca563000 	C:\WINDOWS\system32\rsaenh.dll
0x00007ffbcb0e0000 - 0x00007ffbcb105000 	C:\WINDOWS\SYSTEM32\USERENV.dll
0x00007ffbcab80000 - 0x00007ffbcab8c000 	C:\WINDOWS\SYSTEM32\CRYPTBASE.dll

VM Arguments:
jvm_args: -javaagent:E:\Program Files (x86)\JetBrains\IntelliJ IDEA Community Edition 2018.1.2\lib\idea_rt.jar=63264:E:\Program Files (x86)\JetBrains\IntelliJ IDEA Community Edition 2018.1.2\bin -Dfile.encoding=UTF-8 
java_command: com.example.debonex.GdsignBusinessApplication
java_class_path (initial): D:\Java\jdk-8u_161\jre\lib\charsets.jar;D:\Java\jdk-8u_161\jre\lib\deploy.jar;D:\Java\jdk-8u_161\jre\lib\ext\access-bridge-64.jar;D:\Java\jdk-8u_161\jre\lib\ext\cldrdata.jar;D:\Java\jdk-8u_161\jre\lib\ext\dnsns.jar;D:\Java\jdk-8u_161\jre\lib\ext\jaccess.jar;D:\Java\jdk-8u_161\jre\lib\ext\jfxrt.jar;D:\Java\jdk-8u_161\jre\lib\ext\localedata.jar;D:\Java\jdk-8u_161\jre\lib\ext\nashorn.jar;D:\Java\jdk-8u_161\jre\lib\ext\sunec.jar;D:\Java\jdk-8u_161\jre\lib\ext\sunjce_provider.jar;D:\Java\jdk-8u_161\jre\lib\ext\sunmscapi.jar;D:\Java\jdk-8u_161\jre\lib\ext\sunpkcs11.jar;D:\Java\jdk-8u_161\jre\lib\ext\zipfs.jar;D:\Java\jdk-8u_161\jre\lib\javaws.jar;D:\Java\jdk-8u_161\jre\lib\jce.jar;D:\Java\jdk-8u_161\jre\lib\jfr.jar;D:\Java\jdk-8u_161\jre\lib\jfxswt.jar;D:\Java\jdk-8u_161\jre\lib\jsse.jar;D:\Java\jdk-8u_161\jre\lib\management-agent.jar;D:\Java\jdk-8u_161\jre\lib\plugin.jar;D:\Java\jdk-8u_161\jre\lib\resources.jar;D:\Java\jdk-8u_161\jre\lib\rt.jar;E:\STUDY\gdesign\GDesign\Gdesign-business\target\classes;C:\Users\caea8\.m2\repository\org\springframework\boot\spring-boot-starter\2.5.1\spring-boot-starter-2.5.1.jar;C:\Users\caea8\.m2\repository\org\springframework\boot\spring-boot\2.5.1\spring-boot-2.5.1.jar;C:\Users\caea8\.m2\repository\org\springframework\spring-context\5.3.8\spring-context-5.3.8.jar;C:\Users\caea8\.m2\repository\org\springframework\boot\spring-boot-autoconfigure\2.5.1\spring-boot-autoconfigure-2.5.1.jar;C:\Users\caea8\.m2\repository\org\springframework\boot\spring-boot-starter-logging\2.5.1\spring-boot-starter-logging-2.5.1.jar;C:\Users\caea8\.m2\repository\ch\qos\logback\logback-classic\1.2.3\logback-classic-1.2.3.jar;C:\Users\caea8\.m2\repository\ch\qos\logback\logback-core\1.2.3\logback-core-1.2.3.jar;C:\Users\caea8\.m2\repository\org\apache\logging\log4j\log4j-to-slf4j\2.14.1\log4j-to-slf4j-2.14.1.jar;C:\Users\caea8\.m2\repository\org\apache\logging\log4j\log4j-api\2.14.1\log4j-api-2.14.1.jar;C:\Users\caea8\.m2\repository\or
Launcher Type: SUN_STANDARD

Environment Variables:
JAVA_HOME=D:\Java\jdk-8u_161
CLASSPATH=.;D:\Java\jdk-8u_161lib\dt.jar;D:\Java\jdk-8u_161\lib\tools.jar
USERNAME=caea8
OS=Windows_NT
PROCESSOR_IDENTIFIER=Intel64 Family 6 Model 158 Stepping 9, GenuineIntel



---------------  S Y S T E M  ---------------

OS: Windows 10.0 , 64 bit Build 18362 (10.0.18362.1500)

CPU:total 8 (initial active 8) (4 cores per cpu, 2 threads per core) family 6 model 158 stepping 9, cmov, cx8, fxsr, mmx, sse, sse2, sse3, ssse3, sse4.1, sse4.2, popcnt, avx, avx2, aes, clmul, erms, 3dnowpref, lzcnt, ht, tsc, tscinvbit, bmi1, bmi2, adx

Memory: 4k page, physical 8260772k(527772k free), swap 12455076k(10584k free)

vm_info: Java HotSpot(TM) 64-Bit Server VM (25.161-b12) for windows-amd64 JRE (1.8.0_161-b12), built on Dec 19 2017 17:52:25 by "java_re" with MS VC++ 10.0 (VS2010)

time: Mon Jun 21 15:38:31 2021
elapsed time: 16 seconds (0d 0h 0m 16s)

