#
# There is insufficient memory for the Java Runtime Environment to continue.
# Native memory allocation (malloc) failed to allocate 1094704 bytes for Chunk::new
# Possible reasons:
#   The system is out of physical RAM or swap space
#   In 32 bit mode, the process size limit was hit
# Possible solutions:
#   Reduce memory load on the system
#   Increase physical memory or swap space
#   Check if swap backing store is full
#   Use 64 bit Java on a 64 bit OS
#   Decrease Java heap size (-Xmx/-Xms)
#   Decrease number of Java threads
#   Decrease Java thread stack sizes (-Xss)
#   Set larger code cache with -XX:ReservedCodeCacheSize=
# This output file may be truncated or incomplete.
#
#  Out of Memory Error (allocation.cpp:390), pid=16252, tid=0x0000000000001104
#
# JRE version: Java(TM) SE Runtime Environment (8.0_161-b12) (build 1.8.0_161-b12)
# Java VM: Java HotSpot(TM) 64-Bit Server VM (25.161-b12 mixed mode windows-amd64 compressed oops)
# Failed to write core dump. Minidumps are not enabled by default on client versions of Windows
#

---------------  T H R E A D  ---------------

Current thread (0x000000001a09b800):  JavaThread "C2 CompilerThread1" daemon [_thread_in_native, id=4356, stack(0x000000001aa50000,0x000000001ab50000)]

Stack: [0x000000001aa50000,0x000000001ab50000]
[error occurred during error reporting (printing stack bounds), id 0xc0000005]

Native frames: (J=compiled Java code, j=interpreted, Vv=VM code, C=native code)


Current CompileTask:
C2:  14598 4149       4       org.springframework.beans.factory.support.AbstractBeanFactory::isTypeMatch (607 bytes)


---------------  P R O C E S S  ---------------

Java Threads: ( => current thread )
  0x000000001a386000 JavaThread "File Watcher" daemon [_thread_blocked, id=15568, stack(0x0000000021d30000,0x0000000021e30000)]
  0x0000000020131000 JavaThread "container-0" [_thread_blocked, id=11752, stack(0x0000000022060000,0x0000000022160000)]
  0x000000001b819000 JavaThread "Catalina-utility-2" [_thread_blocked, id=736, stack(0x0000000021f60000,0x0000000022060000)]
  0x0000000020f89800 JavaThread "Catalina-utility-1" [_thread_blocked, id=10276, stack(0x0000000021e60000,0x0000000021f60000)]
  0x000000001b138800 JavaThread "restartedMain" [_thread_in_native, id=972, stack(0x000000001c170000,0x000000001c270000)]
  0x000000001b0eb000 JavaThread "Thread-0" [_thread_blocked, id=12076, stack(0x000000001c070000,0x000000001c170000)]
  0x000000001a150800 JavaThread "Service Thread" daemon [_thread_blocked, id=8616, stack(0x000000001ad50000,0x000000001ae50000)]
  0x000000001a0a1000 JavaThread "C1 CompilerThread3" daemon [_thread_blocked, id=2636, stack(0x000000001ac50000,0x000000001ad50000)]
  0x000000001a0a0000 JavaThread "C2 CompilerThread2" daemon [_thread_in_native, id=14056, stack(0x000000001ab50000,0x000000001ac50000)]
=>0x000000001a09b800 JavaThread "C2 CompilerThread1" daemon [_thread_in_native, id=4356, stack(0x000000001aa50000,0x000000001ab50000)]
  0x000000001a096800 JavaThread "C2 CompilerThread0" daemon [_thread_in_native, id=11032, stack(0x000000001a950000,0x000000001aa50000)]
  0x0000000019d01000 JavaThread "Monitor Ctrl-Break" daemon [_thread_in_native, id=16488, stack(0x000000001a850000,0x000000001a950000)]
  0x0000000019990000 JavaThread "Attach Listener" daemon [_thread_blocked, id=12232, stack(0x0000000019f50000,0x000000001a050000)]
  0x00000000199f0800 JavaThread "Signal Dispatcher" daemon [_thread_blocked, id=15656, stack(0x0000000019e50000,0x0000000019f50000)]
  0x0000000019970800 JavaThread "Finalizer" daemon [_thread_blocked, id=6504, stack(0x0000000019d50000,0x0000000019e50000)]
  0x0000000017a7d000 JavaThread "Reference Handler" daemon [_thread_blocked, id=3496, stack(0x0000000019850000,0x0000000019950000)]
  0x0000000002a17000 JavaThread "main" [_thread_blocked, id=3348, stack(0x0000000002750000,0x0000000002850000)]

Other Threads:
  0x0000000017a75800 VMThread [stack: 0x0000000019750000,0x0000000019850000] [id=6852]
  0x000000001a207000 WatcherThread [stack: 0x000000001ae50000,0x000000001af50000] [id=18112]

VM state:not at safepoint (normal execution)

VM Mutex/Monitor currently owned by a thread: None

Heap:
 PSYoungGen      total 122368K, used 103198K [0x00000000d5f80000, 0x00000000e1900000, 0x0000000100000000)
  eden space 111616K, 92% used [0x00000000d5f80000,0x00000000dc447898,0x00000000dcc80000)
  from space 10752K, 0% used [0x00000000dcc80000,0x00000000dcc80000,0x00000000dd700000)
  to   space 12288K, 0% used [0x00000000e0d00000,0x00000000e0d00000,0x00000000e1900000)
 ParOldGen       total 72192K, used 17250K [0x0000000081e00000, 0x0000000086480000, 0x00000000d5f80000)
  object space 72192K, 23% used [0x0000000081e00000,0x0000000082ed8958,0x0000000086480000)
 Metaspace       used 40802K, capacity 43552K, committed 43688K, reserved 1087488K
  class space    used 5569K, capacity 6046K, committed 6056K, reserved 1048576K

Card table byte_map: [0x0000000011ed0000,0x00000000122d0000] byte_map_base: 0x0000000011ac1000

Marking Bits: (ParMarkBitMap*) 0x0000000075dff860
 Begin Bits: [0x0000000012d80000, 0x0000000014d08000)
 End Bits:   [0x0000000014d08000, 0x0000000016c90000)

Polling page: 0x00000000001e0000

CodeCache: size=245760Kb used=13969Kb max_used=13969Kb free=231790Kb
 bounds [0x0000000002b10000, 0x00000000038d0000, 0x0000000011b10000]
 total_blobs=4159 nmethods=3728 adapters=343
 compilation: enabled

Compilation events (10 events):
Event: 14.578 Thread 0x000000001a096800 4245       4       org.springframework.boot.context.properties.source.SpringIterableConfigurationPropertySource::containsDescendantOf (102 bytes)
Event: 14.579 Thread 0x000000001a0a1000 nmethod 4242 0x00000000038b2450 code [0x00000000038b28c0, 0x00000000038b5958]
Event: 14.579 Thread 0x000000001a0a1000 4246       3       sun.reflect.generics.repository.ConstructorRepository::getParameterTypes (78 bytes)
Event: 14.579 Thread 0x000000001a0a1000 nmethod 4246 0x00000000038b7090 code [0x00000000038b7280, 0x00000000038b7e18]
Event: 14.579 Thread 0x000000001a0a1000 4243   !   3       org.springframework.beans.factory.support.AbstractAutowireCapableBeanFactory::applyPropertyValues (534 bytes)
Event: 14.583 Thread 0x000000001a0a1000 nmethod 4243 0x00000000038b8290 code [0x00000000038b8980, 0x00000000038bde88]
Event: 14.583 Thread 0x000000001a0a1000 4247       3       org.springframework.beans.factory.support.AbstractAutowireCapableBeanFactory$$Lambda$207/757210264::get$Lambda (12 bytes)
Event: 14.583 Thread 0x000000001a0a1000 nmethod 4247 0x00000000038c17d0 code [0x00000000038c1940, 0x00000000038c1bd0]
Event: 14.583 Thread 0x000000001a0a1000 4244       1       java.util.Spliterators$EmptySpliterator::estimateSize (2 bytes)
Event: 14.584 Thread 0x000000001a0a1000 nmethod 4244 0x0000000003898910 code [0x0000000003898a60, 0x0000000003898b70]

GC Heap History (10 events):
Event: 6.686 GC heap before
{Heap before GC invocations=7 (full 1):
 PSYoungGen      total 38400K, used 33280K [0x00000000d5f80000, 0x00000000db380000, 0x0000000100000000)
  eden space 33280K, 100% used [0x00000000d5f80000,0x00000000d8000000,0x00000000d8000000)
  from space 5120K, 0% used [0x00000000d8000000,0x00000000d8000000,0x00000000d8500000)
  to   space 9728K, 0% used [0x00000000daa00000,0x00000000daa00000,0x00000000db380000)
 ParOldGen       total 50176K, used 7771K [0x0000000081e00000, 0x0000000084f00000, 0x00000000d5f80000)
  object space 50176K, 15% used [0x0000000081e00000,0x0000000082596cf8,0x0000000084f00000)
 Metaspace       used 23047K, capacity 24054K, committed 24320K, reserved 1071104K
  class space    used 2984K, capacity 3237K, committed 3328K, reserved 1048576K
Event: 6.690 GC heap after
Heap after GC invocations=7 (full 1):
 PSYoungGen      total 68096K, used 4399K [0x00000000d5f80000, 0x00000000db000000, 0x0000000100000000)
  eden space 61952K, 0% used [0x00000000d5f80000,0x00000000d5f80000,0x00000000d9c00000)
  from space 6144K, 71% used [0x00000000daa00000,0x00000000dae4bcf8,0x00000000db000000)
  to   space 10240K, 0% used [0x00000000d9c00000,0x00000000d9c00000,0x00000000da600000)
 ParOldGen       total 50176K, used 7779K [0x0000000081e00000, 0x0000000084f00000, 0x00000000d5f80000)
  object space 50176K, 15% used [0x0000000081e00000,0x0000000082598cf8,0x0000000084f00000)
 Metaspace       used 23047K, capacity 24054K, committed 24320K, reserved 1071104K
  class space    used 2984K, capacity 3237K, committed 3328K, reserved 1048576K
}
Event: 7.322 GC heap before
{Heap before GC invocations=8 (full 1):
 PSYoungGen      total 68096K, used 66351K [0x00000000d5f80000, 0x00000000db000000, 0x0000000100000000)
  eden space 61952K, 100% used [0x00000000d5f80000,0x00000000d9c00000,0x00000000d9c00000)
  from space 6144K, 71% used [0x00000000daa00000,0x00000000dae4bcf8,0x00000000db000000)
  to   space 10240K, 0% used [0x00000000d9c00000,0x00000000d9c00000,0x00000000da600000)
 ParOldGen       total 50176K, used 7779K [0x0000000081e00000, 0x0000000084f00000, 0x00000000d5f80000)
  object space 50176K, 15% used [0x0000000081e00000,0x0000000082598cf8,0x0000000084f00000)
 Metaspace       used 25743K, capacity 26980K, committed 27264K, reserved 1073152K
  class space    used 3352K, capacity 3642K, committed 3712K, reserved 1048576K
Event: 7.328 GC heap after
Heap after GC invocations=8 (full 1):
 PSYoungGen      total 72192K, used 7011K [0x00000000d5f80000, 0x00000000de180000, 0x0000000100000000)
  eden space 61952K, 0% used [0x00000000d5f80000,0x00000000d5f80000,0x00000000d9c00000)
  from space 10240K, 68% used [0x00000000d9c00000,0x00000000da2d8e68,0x00000000da600000)
  to   space 9728K, 0% used [0x00000000dd800000,0x00000000dd800000,0x00000000de180000)
 ParOldGen       total 50176K, used 7787K [0x0000000081e00000, 0x0000000084f00000, 0x00000000d5f80000)
  object space 50176K, 15% used [0x0000000081e00000,0x000000008259acf8,0x0000000084f00000)
 Metaspace       used 25743K, capacity 26980K, committed 27264K, reserved 1073152K
  class space    used 3352K, capacity 3642K, committed 3712K, reserved 1048576K
}
Event: 10.488 GC heap before
{Heap before GC invocations=9 (full 1):
 PSYoungGen      total 72192K, used 68963K [0x00000000d5f80000, 0x00000000de180000, 0x0000000100000000)
  eden space 61952K, 100% used [0x00000000d5f80000,0x00000000d9c00000,0x00000000d9c00000)
  from space 10240K, 68% used [0x00000000d9c00000,0x00000000da2d8e68,0x00000000da600000)
  to   space 9728K, 0% used [0x00000000dd800000,0x00000000dd800000,0x00000000de180000)
 ParOldGen       total 50176K, used 7787K [0x0000000081e00000, 0x0000000084f00000, 0x00000000d5f80000)
  object space 50176K, 15% used [0x0000000081e00000,0x000000008259acf8,0x0000000084f00000)
 Metaspace       used 30168K, capacity 32052K, committed 32256K, reserved 1077248K
  class space    used 4006K, capacity 4346K, committed 4352K, reserved 1048576K
Event: 10.495 GC heap after
Heap after GC invocations=9 (full 1):
 PSYoungGen      total 121344K, used 9633K [0x00000000d5f80000, 0x00000000de180000, 0x0000000100000000)
  eden space 111616K, 0% used [0x00000000d5f80000,0x00000000d5f80000,0x00000000dcc80000)
  from space 9728K, 99% used [0x00000000dd800000,0x00000000de168480,0x00000000de180000)
  to   space 10752K, 0% used [0x00000000dcc80000,0x00000000dcc80000,0x00000000dd700000)
 ParOldGen       total 50176K, used 7795K [0x0000000081e00000, 0x0000000084f00000, 0x00000000d5f80000)
  object space 50176K, 15% used [0x0000000081e00000,0x000000008259ccf8,0x0000000084f00000)
 Metaspace       used 30168K, capacity 32052K, committed 32256K, reserved 1077248K
  class space    used 4006K, capacity 4346K, committed 4352K, reserved 1048576K
}
Event: 11.089 GC heap before
{Heap before GC invocations=10 (full 1):
 PSYoungGen      total 121344K, used 96971K [0x00000000d5f80000, 0x00000000de180000, 0x0000000100000000)
  eden space 111616K, 78% used [0x00000000d5f80000,0x00000000db4ca938,0x00000000dcc80000)
  from space 9728K, 99% used [0x00000000dd800000,0x00000000de168480,0x00000000de180000)
  to   space 10752K, 0% used [0x00000000dcc80000,0x00000000dcc80000,0x00000000dd700000)
 ParOldGen       total 50176K, used 7795K [0x0000000081e00000, 0x0000000084f00000, 0x00000000d5f80000)
  object space 50176K, 15% used [0x0000000081e00000,0x000000008259ccf8,0x0000000084f00000)
 Metaspace       used 33484K, capacity 35462K, committed 35496K, reserved 1079296K
  class space    used 4392K, capacity 4745K, committed 4776K, reserved 1048576K
Event: 11.099 GC heap after
Heap after GC invocations=10 (full 1):
 PSYoungGen      total 122368K, used 10735K [0x00000000d5f80000, 0x00000000e1900000, 0x0000000100000000)
  eden space 111616K, 0% used [0x00000000d5f80000,0x00000000d5f80000,0x00000000dcc80000)
  from space 10752K, 99% used [0x00000000dcc80000,0x00000000dd6fbf38,0x00000000dd700000)
  to   space 12288K, 0% used [0x00000000e0d00000,0x00000000e0d00000,0x00000000e1900000)
 ParOldGen       total 50176K, used 10067K [0x0000000081e00000, 0x0000000084f00000, 0x00000000d5f80000)
  object space 50176K, 20% used [0x0000000081e00000,0x00000000827d4e50,0x0000000084f00000)
 Metaspace       used 33484K, capacity 35462K, committed 35496K, reserved 1079296K
  class space    used 4392K, capacity 4745K, committed 4776K, reserved 1048576K
}
Event: 11.099 GC heap before
{Heap before GC invocations=11 (full 2):
 PSYoungGen      total 122368K, used 10735K [0x00000000d5f80000, 0x00000000e1900000, 0x0000000100000000)
  eden space 111616K, 0% used [0x00000000d5f80000,0x00000000d5f80000,0x00000000dcc80000)
  from space 10752K, 99% used [0x00000000dcc80000,0x00000000dd6fbf38,0x00000000dd700000)
  to   space 12288K, 0% used [0x00000000e0d00000,0x00000000e0d00000,0x00000000e1900000)
 ParOldGen       total 50176K, used 10067K [0x0000000081e00000, 0x0000000084f00000, 0x00000000d5f80000)
  object space 50176K, 20% used [0x0000000081e00000,0x00000000827d4e50,0x0000000084f00000)
 Metaspace       used 33484K, capacity 35462K, committed 35496K, reserved 1079296K
  class space    used 4392K, capacity 4745K, committed 4776K, reserved 1048576K
Event: 11.149 GC heap after
Heap after GC invocations=11 (full 2):
 PSYoungGen      total 122368K, used 0K [0x00000000d5f80000, 0x00000000e1900000, 0x0000000100000000)
  eden space 111616K, 0% used [0x00000000d5f80000,0x00000000d5f80000,0x00000000dcc80000)
  from space 10752K, 0% used [0x00000000dcc80000,0x00000000dcc80000,0x00000000dd700000)
  to   space 12288K, 0% used [0x00000000e0d00000,0x00000000e0d00000,0x00000000e1900000)
 ParOldGen       total 72192K, used 17250K [0x0000000081e00000, 0x0000000086480000, 0x00000000d5f80000)
  object space 72192K, 23% used [0x0000000081e00000,0x0000000082ed8958,0x0000000086480000)
 Metaspace       used 33484K, capacity 35462K, committed 35496K, reserved 1079296K
  class space    used 4392K, capacity 4745K, committed 4776K, reserved 1048576K
}

Deoptimization events (10 events):
Event: 14.264 Thread 0x000000001b138800 Uncommon trap: reason=unstable_if action=reinterpret pc=0x000000000367cc98 method=sun.net.www.protocol.jar.Handler.parseURL(Ljava/net/URL;Ljava/lang/String;II)V @ 94
Event: 14.269 Thread 0x000000001b138800 Uncommon trap: reason=unstable_if action=reinterpret pc=0x0000000003520d84 method=java.util.Properties.load0(Ljava/util/Properties$LineReader;)V @ 33
Event: 14.269 Thread 0x000000001b138800 Uncommon trap: reason=unstable_if action=reinterpret pc=0x00000000034942d8 method=java.util.Properties.load0(Ljava/util/Properties$LineReader;)V @ 33
Event: 14.319 Thread 0x000000001b138800 Uncommon trap: reason=unstable_if action=reinterpret pc=0x0000000003218568 method=java.util.concurrent.ConcurrentHashMap.putVal(Ljava/lang/Object;Ljava/lang/Object;Z)Ljava/lang/Object; @ 195
Event: 14.322 Thread 0x000000001b138800 Uncommon trap: reason=unstable_if action=reinterpret pc=0x0000000003037284 method=java.util.concurrent.ConcurrentHashMap.transfer([Ljava/util/concurrent/ConcurrentHashMap$Node;[Ljava/util/concurrent/ConcurrentHashMap$Node;)V @ 356
Event: 14.401 Thread 0x000000001b138800 Uncommon trap: reason=unstable_if action=reinterpret pc=0x0000000002f409c0 method=org.springframework.core.BridgeMethodResolver.isVisibilityBridgeMethodPair(Ljava/lang/reflect/Method;Ljava/lang/reflect/Method;)Z @ 43
Event: 14.458 Thread 0x000000001b138800 Uncommon trap: reason=unstable_if action=reinterpret pc=0x00000000030a403c method=java.util.regex.Pattern$Curly.match(Ljava/util/regex/Matcher;ILjava/lang/CharSequence;)Z @ 45
Event: 14.459 Thread 0x000000001b138800 Uncommon trap: reason=unstable_if action=reinterpret pc=0x0000000002fd4a74 method=org.springframework.core.annotation.AnnotationsScanner.isKnownEmpty(Ljava/lang/reflect/AnnotatedElement;Lorg/springframework/core/annotation/MergedAnnotations$SearchStrategy
Event: 14.461 Thread 0x000000001b138800 Uncommon trap: reason=bimorphic action=maybe_recompile pc=0x00000000034c4c8c method=java.util.HashMap.computeIfAbsent(Ljava/lang/Object;Ljava/util/function/Function;)Ljava/lang/Object; @ 142
Event: 14.461 Thread 0x000000001b138800 Uncommon trap: reason=bimorphic action=maybe_recompile pc=0x00000000034c4c8c method=java.util.HashMap.computeIfAbsent(Ljava/lang/Object;Ljava/util/function/Function;)Ljava/lang/Object; @ 142

Classes redefined (0 events):
No events

Internal exceptions (10 events):
Event: 11.368 Thread 0x000000001b138800 Exception <a 'java/lang/ClassNotFoundException': org/springframework/context/ResourceLoaderAwareCustomizer> (0x00000000d70e15e0) thrown at [C:\re\workspace\8-2-build-windows-amd64-cygwin\jdk8u161\10277\hotspot\src\share\vm\classfile\systemDictionary.cpp, 
Event: 11.369 Thread 0x000000001b138800 Exception <a 'java/lang/ClassNotFoundException': org/springframework/beans/factory/AwareCustomizer> (0x00000000d70f72c8) thrown at [C:\re\workspace\8-2-build-windows-amd64-cygwin\jdk8u161\10277\hotspot\src\share\vm\classfile\systemDictionary.cpp, line 210
Event: 11.369 Thread 0x000000001b138800 Exception <a 'java/lang/ClassNotFoundException': org/springframework/context/ApplicationContextAwareCustomizer> (0x00000000d710f750) thrown at [C:\re\workspace\8-2-build-windows-amd64-cygwin\jdk8u161\10277\hotspot\src\share\vm\classfile\systemDictionary.c
Event: 11.369 Thread 0x000000001b138800 Exception <a 'java/lang/ClassNotFoundException': org/springframework/beans/factory/AwareCustomizer> (0x00000000d7125a40) thrown at [C:\re\workspace\8-2-build-windows-amd64-cygwin\jdk8u161\10277\hotspot\src\share\vm\classfile\systemDictionary.cpp, line 210
Event: 11.370 Thread 0x000000001b138800 Exception <a 'java/lang/ClassNotFoundException': org/springframework/web/context/ServletContextAwareCustomizer> (0x00000000d713de88) thrown at [C:\re\workspace\8-2-build-windows-amd64-cygwin\jdk8u161\10277\hotspot\src\share\vm\classfile\systemDictionary.c
Event: 11.370 Thread 0x000000001b138800 Exception <a 'java/lang/ClassNotFoundException': org/springframework/beans/factory/AwareCustomizer> (0x00000000d7153be8) thrown at [C:\re\workspace\8-2-build-windows-amd64-cygwin\jdk8u161\10277\hotspot\src\share\vm\classfile\systemDictionary.cpp, line 210
Event: 11.370 Thread 0x000000001b138800 Implicit null exception at 0x0000000003552e8c to 0x0000000003553001
Event: 11.679 Thread 0x000000001b138800 Exception <a 'java/lang/NoSuchMethodError': java.lang.Object.lambda$thenComparing$36697e65$1(Ljava/util/Comparator;Ljava/lang/Object;Ljava/lang/Object;)I> (0x00000000d8cb0240) thrown at [C:\re\workspace\8-2-build-windows-amd64-cygwin\jdk8u161\10277\hotspo
Event: 11.722 Thread 0x000000001b138800 Exception <a 'java/lang/IncompatibleClassChangeError': Found class java.lang.Object, but interface was expected> (0x00000000d8eec800) thrown at [C:\re\workspace\8-2-build-windows-amd64-cygwin\jdk8u161\10277\hotspot\src\share\vm\interpreter\linkResolver.cp
Event: 14.569 Thread 0x000000001b138800 Exception <a 'java/net/BindException': Address already in use: JVM_Bind> (0x00000000dc22ab40) thrown at [C:\re\workspace\8-2-build-windows-amd64-cygwin\jdk8u161\10277\hotspot\src\share\vm\prims\jni.cpp, line 735]

Events (10 events):
Event: 14.573 loading class org/springframework/cloud/context/restart/RestartEndpoint$ResumeEndpoint
Event: 14.573 loading class org/springframework/cloud/context/restart/RestartEndpoint$ResumeEndpoint done
Event: 14.575 loading class org/springframework/beans/factory/annotation/AutowiredAnnotationBeanPostProcessor$AutowiredFieldElement
Event: 14.575 loading class org/springframework/beans/factory/annotation/AutowiredAnnotationBeanPostProcessor$AutowiredFieldElement done
Event: 14.576 loading class org/springframework/core/SerializableTypeWrapper$FieldTypeProvider
Event: 14.576 loading class org/springframework/core/SerializableTypeWrapper$FieldTypeProvider done
Event: 14.582 loading class org/springframework/cloud/consul/discovery/ConsulDiscoveryProperties$Lifecycle
Event: 14.582 loading class org/springframework/cloud/consul/discovery/ConsulDiscoveryProperties$Lifecycle done
Event: 14.582 loading class com/ecwid/consul/v1/ConsistencyMode
Event: 14.582 loading class com/ecwid/consul/v1/ConsistencyMode done


Dynamic libraries:
0x00007ff7c3c50000 - 0x00007ff7c3c87000 	D:\Java\jdk-8u_161\bin\java.exe
0x00007ffbce340000 - 0x00007ffbce530000 	C:\WINDOWS\SYSTEM32\ntdll.dll
0x00007ffbcc490000 - 0x00007ffbcc542000 	C:\WINDOWS\System32\KERNEL32.DLL
0x00007ffbcbfb0000 - 0x00007ffbcc255000 	C:\WINDOWS\System32\KERNELBASE.dll
0x00007ffbccab0000 - 0x00007ffbccb53000 	C:\WINDOWS\System32\ADVAPI32.dll
0x00007ffbcca10000 - 0x00007ffbccaae000 	C:\WINDOWS\System32\msvcrt.dll
0x00007ffbcc3f0000 - 0x00007ffbcc487000 	C:\WINDOWS\System32\sechost.dll
0x00007ffbcd8d0000 - 0x00007ffbcd9ef000 	C:\WINDOWS\System32\RPCRT4.dll
0x00007ffbcd400000 - 0x00007ffbcd594000 	C:\WINDOWS\System32\USER32.dll
0x00007ffbcb500000 - 0x00007ffbcb521000 	C:\WINDOWS\System32\win32u.dll
0x00007ffbcc780000 - 0x00007ffbcc7a6000 	C:\WINDOWS\System32\GDI32.dll
0x00007ffbcb360000 - 0x00007ffbcb4f8000 	C:\WINDOWS\System32\gdi32full.dll
0x00007ffbcb690000 - 0x00007ffbcb72e000 	C:\WINDOWS\System32\msvcp_win.dll
0x00007ffbcbeb0000 - 0x00007ffbcbfaa000 	C:\WINDOWS\System32\ucrtbase.dll
0x00007ffbb9420000 - 0x00007ffbb96a4000 	C:\WINDOWS\WinSxS\amd64_microsoft.windows.common-controls_6595b64144ccf1df_6.0.18362.1500_none_9e79be6de462295c\COMCTL32.dll
0x00007ffbcd040000 - 0x00007ffbcd376000 	C:\WINDOWS\System32\combase.dll
0x00007ffbcc280000 - 0x00007ffbcc301000 	C:\WINDOWS\System32\bcryptPrimitives.dll
0x00007ffbcc960000 - 0x00007ffbcc98e000 	C:\WINDOWS\System32\IMM32.DLL
0x0000000075e80000 - 0x0000000075f52000 	D:\Java\jdk-8u_161\jre\bin\msvcr100.dll
0x00000000755e0000 - 0x0000000075e7f000 	D:\Java\jdk-8u_161\jre\bin\server\jvm.dll
0x00007ffbcd3f0000 - 0x00007ffbcd3f8000 	C:\WINDOWS\System32\PSAPI.DLL
0x00007ffbcadc0000 - 0x00007ffbcadca000 	C:\WINDOWS\SYSTEM32\VERSION.dll
0x00007ffbc8b30000 - 0x00007ffbc8b54000 	C:\WINDOWS\SYSTEM32\WINMM.dll
0x00007ffbbcad0000 - 0x00007ffbbcad9000 	C:\WINDOWS\SYSTEM32\WSOCK32.dll
0x00007ffbcd380000 - 0x00007ffbcd3ef000 	C:\WINDOWS\System32\WS2_32.dll
0x00007ffbc8b00000 - 0x00007ffbc8b2d000 	C:\WINDOWS\SYSTEM32\winmmbase.dll
0x00007ffbcb310000 - 0x00007ffbcb35a000 	C:\WINDOWS\System32\cfgmgr32.dll
0x00000000755d0000 - 0x00000000755df000 	D:\Java\jdk-8u_161\jre\bin\verify.dll
0x00000000755a0000 - 0x00000000755c9000 	D:\Java\jdk-8u_161\jre\bin\java.dll
0x0000000075550000 - 0x0000000075573000 	D:\Java\jdk-8u_161\jre\bin\instrument.dll
0x0000000075580000 - 0x0000000075596000 	D:\Java\jdk-8u_161\jre\bin\zip.dll
0x00007ffbcd9f0000 - 0x00007ffbce0d8000 	C:\WINDOWS\System32\SHELL32.dll
0x00007ffbcd750000 - 0x00007ffbcd7f7000 	C:\WINDOWS\System32\shcore.dll
0x00007ffbcb730000 - 0x00007ffbcbeab000 	C:\WINDOWS\System32\windows.storage.dll
0x00007ffbcb240000 - 0x00007ffbcb25e000 	C:\WINDOWS\System32\profapi.dll
0x00007ffbcb260000 - 0x00007ffbcb2aa000 	C:\WINDOWS\System32\powrprof.dll
0x00007ffbcb1f0000 - 0x00007ffbcb200000 	C:\WINDOWS\System32\UMPDC.dll
0x00007ffbce210000 - 0x00007ffbce262000 	C:\WINDOWS\System32\shlwapi.dll
0x00007ffbcb220000 - 0x00007ffbcb231000 	C:\WINDOWS\System32\kernel.appcore.dll
0x00007ffbcc260000 - 0x00007ffbcc277000 	C:\WINDOWS\System32\cryptsp.dll
0x00007ffbc4620000 - 0x00007ffbc463a000 	E:\Program Files (x86)\JetBrains\IntelliJ IDEA Community Edition 2018.1.2\bin\breakgen64.dll
0x0000000075440000 - 0x000000007545a000 	D:\Java\jdk-8u_161\jre\bin\net.dll
0x00007ffbb7f70000 - 0x00007ffbb7f90000 	C:\WINDOWS\system32\PrxerDrv.dll
0x00007ffbca9b0000 - 0x00007ffbcaa17000 	C:\WINDOWS\system32\mswsock.dll
0x00007ffbca6c0000 - 0x00007ffbca6fa000 	C:\WINDOWS\SYSTEM32\IPHLPAPI.DLL
0x00007ffbce2d0000 - 0x00007ffbce2d8000 	C:\WINDOWS\System32\NSI.dll
0x00007ffbbe7a0000 - 0x00007ffbbe7b6000 	C:\WINDOWS\SYSTEM32\dhcpcsvc6.DLL
0x00007ffbbe780000 - 0x00007ffbbe79c000 	C:\WINDOWS\SYSTEM32\dhcpcsvc.DLL
0x00007ffbca700000 - 0x00007ffbca7cb000 	C:\WINDOWS\SYSTEM32\DNSAPI.dll
0x00007ffbb6000000 - 0x00007ffbb601b000 	C:\WINDOWS\system32\PrxerNsp.dll
0x00007ffbc2550000 - 0x00007ffbc255a000 	C:\Windows\System32\rasadhlp.dll
0x00007ffbbe1e0000 - 0x00007ffbbe257000 	C:\WINDOWS\System32\fwpuclnt.dll
0x00007ffbcc3c0000 - 0x00007ffbcc3e6000 	C:\WINDOWS\System32\bcrypt.dll
0x0000000075540000 - 0x000000007554d000 	D:\Java\jdk-8u_161\jre\bin\management.dll
0x00007ffbb28c0000 - 0x00007ffbb28d6000 	C:\WINDOWS\system32\napinsp.dll
0x00007ffbb3700000 - 0x00007ffbb371a000 	C:\WINDOWS\system32\pnrpnsp.dll
0x00007ffbb36f0000 - 0x00007ffbb36fe000 	C:\WINDOWS\System32\winrnr.dll
0x00007ffbc7710000 - 0x00007ffbc772c000 	C:\WINDOWS\system32\NLAapi.dll
0x00007ffbc6220000 - 0x00007ffbc6235000 	C:\WINDOWS\system32\wshbth.dll
0x0000000075420000 - 0x0000000075431000 	D:\Java\jdk-8u_161\jre\bin\nio.dll
0x00007ffbca530000 - 0x00007ffbca563000 	C:\WINDOWS\system32\rsaenh.dll
0x00007ffbcb0e0000 - 0x00007ffbcb105000 	C:\WINDOWS\SYSTEM32\USERENV.dll
0x00007ffbcab80000 - 0x00007ffbcab8c000 	C:\WINDOWS\SYSTEM32\CRYPTBASE.dll
0x00000000753f0000 - 0x0000000075414000 	D:\Java\jdk-8u_161\jre\bin\sunec.dll

VM Arguments:
jvm_args: -javaagent:E:\Program Files (x86)\JetBrains\IntelliJ IDEA Community Edition 2018.1.2\lib\idea_rt.jar=54687:E:\Program Files (x86)\JetBrains\IntelliJ IDEA Community Edition 2018.1.2\bin -Dfile.encoding=UTF-8 
java_command: com.example.debonex.GdsignBusinessApplication
java_class_path (initial): D:\Java\jdk-8u_161\jre\lib\charsets.jar;D:\Java\jdk-8u_161\jre\lib\deploy.jar;D:\Java\jdk-8u_161\jre\lib\ext\access-bridge-64.jar;D:\Java\jdk-8u_161\jre\lib\ext\cldrdata.jar;D:\Java\jdk-8u_161\jre\lib\ext\dnsns.jar;D:\Java\jdk-8u_161\jre\lib\ext\jaccess.jar;D:\Java\jdk-8u_161\jre\lib\ext\jfxrt.jar;D:\Java\jdk-8u_161\jre\lib\ext\localedata.jar;D:\Java\jdk-8u_161\jre\lib\ext\nashorn.jar;D:\Java\jdk-8u_161\jre\lib\ext\sunec.jar;D:\Java\jdk-8u_161\jre\lib\ext\sunjce_provider.jar;D:\Java\jdk-8u_161\jre\lib\ext\sunmscapi.jar;D:\Java\jdk-8u_161\jre\lib\ext\sunpkcs11.jar;D:\Java\jdk-8u_161\jre\lib\ext\zipfs.jar;D:\Java\jdk-8u_161\jre\lib\javaws.jar;D:\Java\jdk-8u_161\jre\lib\jce.jar;D:\Java\jdk-8u_161\jre\lib\jfr.jar;D:\Java\jdk-8u_161\jre\lib\jfxswt.jar;D:\Java\jdk-8u_161\jre\lib\jsse.jar;D:\Java\jdk-8u_161\jre\lib\management-agent.jar;D:\Java\jdk-8u_161\jre\lib\plugin.jar;D:\Java\jdk-8u_161\jre\lib\resources.jar;D:\Java\jdk-8u_161\jre\lib\rt.jar;E:\STUDY\gdesign\GDesign\Gdesign-business\target\classes;C:\Users\caea8\.m2\repository\org\springframework\boot\spring-boot-starter\2.5.1\spring-boot-starter-2.5.1.jar;C:\Users\caea8\.m2\repository\org\springframework\boot\spring-boot\2.5.1\spring-boot-2.5.1.jar;C:\Users\caea8\.m2\repository\org\springframework\spring-context\5.3.8\spring-context-5.3.8.jar;C:\Users\caea8\.m2\repository\org\springframework\boot\spring-boot-autoconfigure\2.5.1\spring-boot-autoconfigure-2.5.1.jar;C:\Users\caea8\.m2\repository\org\springframework\boot\spring-boot-starter-logging\2.5.1\spring-boot-starter-logging-2.5.1.jar;C:\Users\caea8\.m2\repository\ch\qos\logback\logback-classic\1.2.3\logback-classic-1.2.3.jar;C:\Users\caea8\.m2\repository\ch\qos\logback\logback-core\1.2.3\logback-core-1.2.3.jar;C:\Users\caea8\.m2\repository\org\apache\logging\log4j\log4j-to-slf4j\2.14.1\log4j-to-slf4j-2.14.1.jar;C:\Users\caea8\.m2\repository\org\apache\logging\log4j\log4j-api\2.14.1\log4j-api-2.14.1.jar;C:\Users\caea8\.m2\repository\or
Launcher Type: SUN_STANDARD

Environment Variables:
JAVA_HOME=D:\Java\jdk-8u_161
CLASSPATH=.;D:\Java\jdk-8u_161lib\dt.jar;D:\Java\jdk-8u_161\lib\tools.jar
USERNAME=caea8
OS=Windows_NT
PROCESSOR_IDENTIFIER=Intel64 Family 6 Model 158 Stepping 9, GenuineIntel



---------------  S Y S T E M  ---------------

OS: Windows 10.0 , 64 bit Build 18362 (10.0.18362.1500)

CPU:total 8 (initial active 8) (4 cores per cpu, 2 threads per core) family 6 model 158 stepping 9, cmov, cx8, fxsr, mmx, sse, sse2, sse3, ssse3, sse4.1, sse4.2, popcnt, avx, avx2, aes, clmul, erms, 3dnowpref, lzcnt, ht, tsc, tscinvbit, bmi1, bmi2, adx

Memory: 4k page, physical 8260772k(713916k free), swap 12455076k(5460k free)

vm_info: Java HotSpot(TM) 64-Bit Server VM (25.161-b12) for windows-amd64 JRE (1.8.0_161-b12), built on Dec 19 2017 17:52:25 by "java_re" with MS VC++ 10.0 (VS2010)

time: Mon Jun 21 16:09:07 2021
elapsed time: 14 seconds (0d 0h 0m 14s)

